/home/synrom/lego/linux/tools/testing/selftests/bpf/test_select_reuseport_common.h
/home/synrom/lego/linux/tools/testing/selftests/bpf/test_iptunnel_common.h
/home/synrom/lego/linux/tools/testing/selftests/bpf/sample_ret0.c
/home/synrom/lego/linux/tools/testing/selftests/bpf/gnu/stubs.h
/home/synrom/lego/linux/tools/testing/selftests/bpf/test_tcpbpf.h
/home/synrom/lego/linux/fs/isofs/util.c
/home/synrom/lego/linux/tools/build/feature/test-lzma.c
/home/synrom/lego/linux/tools/testing/selftests/powerpc/ptrace/ptrace-tar.h
/home/synrom/lego/linux/tools/testing/selftests/powerpc/stringloops/asm/export.h
/home/synrom/lego/linux/tools/testing/selftests/powerpc/stringloops/asm/cache.h
/home/synrom/lego/linux/tools/testing/selftests/powerpc/copyloops/asm/export.h
/home/synrom/lego/linux/tools/testing/selftests/powerpc/copyloops/asm/asm-compat.h
/home/synrom/lego/linux/tools/testing/selftests/powerpc/copyloops/asm/processor.h
/home/synrom/lego/linux/tools/testing/selftests/powerpc/copyloops/asm/feature-fixups.h
/home/synrom/lego/linux/fs/cramfs/uncompress.c
/home/synrom/lego/linux/tools/testing/selftests/powerpc/primitives/asm/ppc-opcode.h
/home/synrom/lego/linux/tools/testing/selftests/powerpc/primitives/linux/stringify.h
/home/synrom/lego/linux/tools/testing/selftests/powerpc/primitives/asm/firmware.h
/home/synrom/lego/linux/tools/testing/selftests/powerpc/primitives/asm/processor.h
/home/synrom/lego/linux/tools/testing/selftests/powerpc/switch_endian/common.h
/home/synrom/lego/linux/tools/testing/selftests/rcutorture/formal/srcu-cbmc/src/combined_source.c
/home/synrom/lego/linux/tools/testing/selftests/rcutorture/formal/srcu-cbmc/empty_includes/linux/export.h
/home/synrom/lego/linux/tools/testing/selftests/rcutorture/formal/srcu-cbmc/empty_includes/linux/rcupdate.h
/home/synrom/lego/linux/tools/testing/selftests/rcutorture/formal/srcu-cbmc/empty_includes/linux/sched.h
/home/synrom/lego/linux/tools/testing/selftests/rcutorture/formal/srcu-cbmc/empty_includes/linux/delay.h
/home/synrom/lego/linux/tools/testing/selftests/rcutorture/formal/srcu-cbmc/empty_includes/linux/mutex.h
/home/synrom/lego/linux/tools/testing/selftests/rcutorture/formal/srcu-cbmc/empty_includes/linux/preempt.h
/home/synrom/lego/linux/tools/testing/selftests/rcutorture/formal/srcu-cbmc/empty_includes/linux/percpu.h
/home/synrom/lego/linux/tools/testing/selftests/rcutorture/formal/srcu-cbmc/empty_includes/linux/workqueue.h
/home/synrom/lego/linux/tools/testing/selftests/rcutorture/formal/srcu-cbmc/src/config.h
/home/synrom/lego/linux/tools/testing/selftests/rcutorture/formal/srcu-cbmc/empty_includes/linux/smp.h
/home/synrom/lego/linux/tools/testing/selftests/rcutorture/formal/srcu-cbmc/include/linux/kconfig.h
/home/synrom/lego/linux/tools/testing/selftests/rcutorture/formal/srcu-cbmc/empty_includes/uapi/linux/types.h
/home/synrom/lego/linux/fs/cifs/dns_resolve.h
/home/synrom/lego/linux/tools/testing/radix-tree/generated/autoconf.h
/home/synrom/lego/linux/tools/testing/radix-tree/linux/bug.h
/home/synrom/lego/linux/tools/testing/radix-tree/linux/init.h
/home/synrom/lego/linux/tools/testing/radix-tree/linux/compiler_types.h
/home/synrom/lego/linux/tools/testing/radix-tree/linux/kernel.h
/home/synrom/lego/linux/tools/testing/selftests/sparc64/drivers/adi-test.c
/home/synrom/lego/linux/tools/testing/radix-tree/linux/idr.h
/home/synrom/lego/linux/tools/testing/radix-tree/linux/kmemleak.h
/home/synrom/lego/linux/fs/9p/acl.h
/home/synrom/lego/linux/tools/testing/radix-tree/regression3.c
/home/synrom/lego/linux/tools/testing/selftests/net/reuseport_dualstack.c
/home/synrom/lego/linux/fs/hfsplus/tables.c
/home/synrom/lego/linux/tools/lib/subcmd/subcmd-config.h
/home/synrom/lego/linux/tools/lib/subcmd/subcmd-config.c
/home/synrom/lego/linux/tools/lib/lockdep/rbtree.c
/home/synrom/lego/linux/tools/lib/lockdep/lockdep_states.h
/home/synrom/lego/linux/tools/lib/lockdep/lockdep_internals.h
/home/synrom/lego/linux/fs/isofs/zisofs.h
/home/synrom/lego/linux/tools/perf/pmu-events/pmu-events.h
/home/synrom/lego/linux/lib/fonts/font_sun12x22.c
/home/synrom/lego/linux/tools/perf/util/help-unknown-cmd.h
/home/synrom/lego/linux/tools/perf/ui/tui/tui.h
/home/synrom/lego/linux/tools/perf/util/ctype.c
/home/synrom/lego/linux/tools/perf/util/dump-insn.c
/home/synrom/lego/linux/tools/perf/util/include/linux/ctype.h
/home/synrom/lego/linux/tools/perf/util/include/asm/system.h
/home/synrom/lego/linux/tools/perf/util/include/asm/asm-offsets.h
/home/synrom/lego/linux/tools/perf/util/include/asm/swab.h
/home/synrom/lego/linux/tools/perf/util/include/asm/dwarf2.h
/home/synrom/lego/linux/tools/perf/util/include/asm/cpufeature.h
/home/synrom/lego/linux/tools/perf/util/tsc.c
/home/synrom/lego/linux/tools/perf/util/data-convert.h
/home/synrom/lego/linux/tools/perf/util/intel-pt-decoder/inat_types.h
/home/synrom/lego/linux/tools/perf/util/util-cxx.h
/home/synrom/lego/linux/tools/perf/util/perf_regs.c
/home/synrom/lego/linux/tools/perf/arch/x86/tests/arch-tests.c
/home/synrom/lego/linux/tools/perf/util/compress.h
/home/synrom/lego/linux/tools/perf/arch/x86/include/dwarf-regs-table.h
/home/synrom/lego/linux/tools/perf/arch/xtensa/util/dwarf-regs.c
/home/synrom/lego/linux/tools/perf/arch/xtensa/include/dwarf-regs-table.h
/home/synrom/lego/linux/tools/perf/arch/powerpc/tests/arch-tests.c
/home/synrom/lego/linux/tools/perf/util/xyarray.h
/home/synrom/lego/linux/tools/perf/arch/arm/tests/arch-tests.c
/home/synrom/lego/linux/tools/perf/arch/arm/include/arch-tests.h
/home/synrom/lego/linux/tools/perf/arch/powerpc/util/book3s_hv_exits.h
/home/synrom/lego/linux/tools/perf/arch/arm/include/dwarf-regs-table.h
/home/synrom/lego/linux/tools/perf/arch/arm64/tests/arch-tests.c
/home/synrom/lego/linux/tools/perf/arch/sparc/include/dwarf-regs-table.h
/home/synrom/lego/linux/tools/perf/arch/arm64/util/sym-handling.c
/home/synrom/lego/linux/tools/perf/arch/arm64/include/arch-tests.h
/home/synrom/lego/linux/fs/9p/xattr.h
/home/synrom/lego/linux/tools/perf/arch/sh/include/dwarf-regs-table.h
/home/synrom/lego/linux/tools/perf/arch/arm64/include/dwarf-regs-table.h
/home/synrom/lego/linux/tools/perf/arch/sparc/util/dwarf-regs.c
/home/synrom/lego/linux/tools/perf/arch/sh/util/dwarf-regs.c
/home/synrom/lego/linux/tools/perf/trace/beauty/arch_errno_names.c
/home/synrom/lego/linux/tools/perf/arch/powerpc/util/book3s_hcalls.h
/home/synrom/lego/linux/fs/orangefs/orangefs-debugfs.h
/home/synrom/lego/linux/tools/virtio/ringtest/virtio_ring_inorder.c
/home/synrom/lego/linux/tools/virtio/ringtest/virtio_ring_poll.c
/home/synrom/lego/linux/tools/virtio/linux/printk.h
/home/synrom/lego/linux/tools/virtio/linux/uio.h
/home/synrom/lego/linux/tools/virtio/linux/vringh.h
/home/synrom/lego/linux/tools/virtio/linux/device.h
/home/synrom/lego/linux/tools/virtio/linux/virtio_ring.h
/home/synrom/lego/linux/tools/virtio/linux/slab.h
/home/synrom/lego/linux/tools/virtio/linux/irqreturn.h
/home/synrom/lego/linux/tools/virtio/linux/virtio_byteorder.h
/home/synrom/lego/linux/tools/virtio/linux/kmemleak.h
/home/synrom/lego/linux/tools/virtio/linux/hrtimer.h
/home/synrom/lego/linux/tools/virtio/vhost_test/vhost_test.c
/home/synrom/lego/linux/tools/virtio/uapi/linux/uio.h
/home/synrom/lego/linux/tools/virtio/uapi/linux/virtio_types.h
/home/synrom/lego/linux/tools/virtio/uapi/linux/virtio_config.h
/home/synrom/lego/linux/tools/virtio/uapi/linux/virtio_ring.h
/home/synrom/lego/linux/tools/arch/arc/include/uapi/asm/mman.h
/home/synrom/lego/linux/tools/arch/mips/include/uapi/asm/bitsperlong.h
/home/synrom/lego/linux/tools/arch/x86/include/asm/unistd_64.h
/home/synrom/lego/linux/tools/arch/x86/include/asm/mcsafe_test.h
/home/synrom/lego/linux/tools/arch/mips/include/asm/errno.h
/home/synrom/lego/linux/tools/arch/parisc/include/uapi/asm/mman.h
/home/synrom/lego/linux/tools/arch/x86/include/asm/unistd_32.h
/home/synrom/lego/linux/tools/arch/x86/include/uapi/asm/errno.h
/home/synrom/lego/linux/tools/arch/mips/include/uapi/asm/mman.h
/home/synrom/lego/linux/tools/arch/x86/include/uapi/asm/mman.h
/home/synrom/lego/linux/tools/arch/x86/include/uapi/asm/kvm_perf.h
/home/synrom/lego/linux/tools/arch/s390/include/uapi/asm/bpf_perf_event.h
/home/synrom/lego/linux/tools/arch/x86/include/uapi/asm/perf_regs.h
/home/synrom/lego/linux/tools/arch/s390/include/uapi/asm/mman.h
/home/synrom/lego/linux/tools/build/feature/test-gtk2.c
/home/synrom/lego/linux/tools/arch/s390/include/uapi/asm/kvm_perf.h
/home/synrom/lego/linux/tools/arch/hexagon/include/uapi/asm/mman.h
/home/synrom/lego/linux/tools/arch/s390/include/uapi/asm/bitsperlong.h
/home/synrom/lego/linux/tools/arch/microblaze/include/uapi/asm/bitsperlong.h
/home/synrom/lego/linux/tools/arch/s390/include/uapi/asm/perf_regs.h
/home/synrom/lego/linux/tools/arch/microblaze/include/uapi/asm/mman.h
/home/synrom/lego/linux/tools/arch/powerpc/include/uapi/asm/errno.h
/home/synrom/lego/linux/tools/arch/powerpc/include/uapi/asm/mman.h
/home/synrom/lego/linux/tools/arch/hexagon/include/uapi/asm/bitsperlong.h
/home/synrom/lego/linux/tools/arch/arm/include/uapi/asm/mman.h
/home/synrom/lego/linux/tools/arch/arm/include/uapi/asm/perf_regs.h
/home/synrom/lego/linux/tools/arch/sparc/include/asm/barrier_32.h
/home/synrom/lego/linux/tools/arch/powerpc/include/uapi/asm/perf_regs.h
/home/synrom/lego/linux/tools/arch/alpha/include/uapi/asm/bitsperlong.h
/home/synrom/lego/linux/tools/arch/xtensa/include/uapi/asm/mman.h
/home/synrom/lego/linux/tools/arch/sparc/include/uapi/asm/mman.h
/home/synrom/lego/linux/tools/arch/arm64/include/uapi/asm/bpf_perf_event.h
/home/synrom/lego/linux/tools/arch/arm64/include/uapi/asm/mman.h
/home/synrom/lego/linux/tools/arch/alpha/include/uapi/asm/mman.h
/home/synrom/lego/linux/tools/perf/pmu-events/jsmn.h
/home/synrom/lego/linux/tools/arch/arm64/include/uapi/asm/perf_regs.h
/home/synrom/lego/linux/tools/arch/sh/include/uapi/asm/mman.h
/home/synrom/lego/linux/tools/arch/ia64/include/uapi/asm/bitsperlong.h
/home/synrom/lego/linux/tools/arch/arm64/include/uapi/asm/unistd.h
/home/synrom/lego/linux/tools/arch/h8300/include/uapi/asm/mman.h
/home/synrom/lego/linux/tools/arch/ia64/include/uapi/asm/mman.h
/home/synrom/lego/linux/tools/arch/arm64/include/uapi/asm/bitsperlong.h
/home/synrom/lego/linux/tools/arch/parisc/include/uapi/asm/errno.h
/home/synrom/lego/linux/tools/arch/x86/include/uapi/asm/vmx.h
/home/synrom/lego/linux/tools/include/linux/seq_file.h
/home/synrom/lego/linux/tools/perf/arch/arm64/util/unwind-libunwind.c
/home/synrom/lego/linux/tools/perf/arch/arm/util/unwind-libunwind.c
/home/synrom/lego/linux/tools/perf/arch/powerpc/util/unwind-libunwind.c
/home/synrom/lego/linux/tools/include/linux/time64.h
/home/synrom/lego/linux/tools/include/linux/sched/task.h
/home/synrom/lego/linux/tools/include/linux/sched/mm.h
/home/synrom/lego/linux/tools/include/linux/sched/clock.h
/home/synrom/lego/linux/tools/arch/mips/include/uapi/asm/errno.h
/home/synrom/lego/linux/tools/include/linux/mutex.h
/home/synrom/lego/linux/tools/include/linux/unaligned/packed_struct.h
/home/synrom/lego/linux/tools/arch/x86/include/uapi/asm/svm.h
/home/synrom/lego/linux/tools/include/linux/kern_levels.h
/home/synrom/lego/linux/tools/include/linux/proc_fs.h
/home/synrom/lego/linux/tools/include/linux/atomic.h
/home/synrom/lego/linux/tools/include/linux/ftrace.h
/home/synrom/lego/linux/tools/include/linux/coresight-pmu.h
/home/synrom/lego/linux/tools/include/linux/delay.h
/home/synrom/lego/linux/tools/include/linux/interrupt.h
/home/synrom/lego/linux/tools/include/linux/gfp.h
/home/synrom/lego/linux/tools/include/linux/linkage.h
/home/synrom/lego/linux/tools/arch/sparc/include/uapi/asm/errno.h
/home/synrom/lego/linux/tools/arch/alpha/include/uapi/asm/errno.h
/home/synrom/lego/linux/tools/include/asm-generic/bitops/hweight.h
/home/synrom/lego/linux/tools/include/asm-generic/bitops.h
/home/synrom/lego/linux/tools/include/asm-generic/bitops/fls.h
/home/synrom/lego/linux/tools/perf/util/demangle-java.h
/home/synrom/lego/linux/tools/include/asm/alternative-asm.h
/home/synrom/lego/linux/tools/include/asm-generic/bitops/__ffs.h
/home/synrom/lego/linux/tools/include/asm-generic/bitops/__fls.h
/home/synrom/lego/linux/tools/include/asm/sections.h
/home/synrom/lego/linux/tools/include/uapi/linux/bpf_perf_event.h
/home/synrom/lego/linux/tools/include/uapi/linux/hw_breakpoint.h
/home/synrom/lego/linux/tools/include/uapi/linux/kcmp.h
/home/synrom/lego/linux/tools/include/uapi/linux/mman.h
/home/synrom/lego/linux/tools/arch/powerpc/include/uapi/asm/unistd.h
/home/synrom/lego/linux/scripts/dtc/include-prefixes/dt-bindings/pwm/pwm.h
/home/synrom/lego/linux/tools/include/uapi/asm-generic/bpf_perf_event.h
/home/synrom/lego/linux/tools/include/trace/events/lock.h
/home/synrom/lego/linux/tools/include/uapi/asm-generic/mman.h
/home/synrom/lego/linux/tools/include/uapi/asm-generic/bitsperlong.h
/home/synrom/lego/linux/fs/befs/io.h
/home/synrom/lego/linux/tools/include/uapi/asm-generic/errno-base.h
/home/synrom/lego/linux/tools/perf/util/unwind-libdw.h
/home/synrom/lego/linux/fs/befs/inode.h
/home/synrom/lego/linux/tools/power/cpupower/utils/helpers/topology.c
/home/synrom/lego/linux/tools/perf/util/bpf-prologue.h
/home/synrom/lego/linux/tools/include/uapi/asm-generic/errno.h
/home/synrom/lego/linux/tools/objtool/cfi.h
/home/synrom/lego/linux/tools/perf/arch/x86/util/unwind-libunwind.c
/home/synrom/lego/linux/tools/objtool/arch/x86/include/asm/inat_types.h
/home/synrom/lego/linux/security/apparmor/include/mount.h
/home/synrom/lego/linux/tools/usb/usbip/libsrc/usbip_host_driver.h
/home/synrom/lego/linux/tools/usb/usbip/libsrc/usbip_device_driver.h
/home/synrom/lego/linux/tools/objtool/arch/x86/include/asm/orc_types.h
/home/synrom/lego/linux/sound/soc/pxa/pxa2xx-i2s.h
/home/synrom/lego/linux/sound/soc/pxa/pxa-ssp.h
/home/synrom/lego/linux/tools/perf/util/jit.h
/home/synrom/lego/linux/lib/dump_stack.c
/home/synrom/lego/linux/tools/perf/util/data-convert-bt.h
/home/synrom/lego/linux/scripts/dtc/include-prefixes/dt-bindings/mux/mux.h
/home/synrom/lego/linux/sound/soc/amd/acp.h
/home/synrom/lego/linux/sound/soc/samsung/pcm.h
/home/synrom/lego/linux/sound/soc/samsung/i2s.h
/home/synrom/lego/linux/sound/firewire/dice/dice-interface.h
/home/synrom/lego/linux/sound/soc/samsung/s3c2412-i2s.h
/home/synrom/lego/linux/sound/soc/qcom/qdsp6/q6dsp-errno.h
/home/synrom/lego/linux/sound/soc/samsung/spdif.h
/home/synrom/lego/linux/tools/build/feature/test-sdt.c
/home/synrom/lego/linux/fs/f2fs/acl.h
/home/synrom/lego/linux/sound/soc/intel/skylake/skl-nhlt.h
/home/synrom/lego/linux/fs/dlm/midcomms.h
/home/synrom/lego/linux/tools/perf/examples/bpf/empty.c
/home/synrom/lego/linux/sound/soc/codecs/wm5102.h
/home/synrom/lego/linux/tools/build/feature/test-libelf-getphdrnum.c
/home/synrom/lego/linux/tools/perf/pmu-events/jsmn.c
/home/synrom/lego/linux/sound/soc/codecs/tfa9879.h
/home/synrom/lego/linux/sound/soc/codecs/wm8770.h
/home/synrom/lego/linux/sound/soc/codecs/wm8580.h
/home/synrom/lego/linux/sound/soc/codecs/cs47l24.h
/home/synrom/lego/linux/sound/soc/codecs/wm8988.h
/home/synrom/lego/linux/sound/soc/codecs/mc13783.h
/home/synrom/lego/linux/sound/soc/codecs/wm8900.h
/home/synrom/lego/linux/sound/soc/codecs/sgtl5000.h
/home/synrom/lego/linux/sound/soc/codecs/wm8776.h
/home/synrom/lego/linux/fs/ocfs2/sysfile.h
/home/synrom/lego/linux/sound/soc/codecs/wm8711.h
/home/synrom/lego/linux/sound/soc/codecs/max98504.h
/home/synrom/lego/linux/sound/soc/codecs/cx20442.h
/home/synrom/lego/linux/fs/gfs2/glops.h
/home/synrom/lego/linux/sound/soc/codecs/rl6231.h
/home/synrom/lego/linux/sound/soc/codecs/es8316.h
/home/synrom/lego/linux/sound/soc/codecs/ssm2518.h
/home/synrom/lego/linux/sound/soc/codecs/adau1701.h
/home/synrom/lego/linux/sound/soc/codecs/pcm3008.h
/home/synrom/lego/linux/sound/soc/codecs/wm8978.h
/home/synrom/lego/linux/sound/soc/qcom/qdsp6/q6dsp-common.h
/home/synrom/lego/linux/fs/jffs2/xattr_user.c
/home/synrom/lego/linux/tools/build/feature/test-libelf-getshdrstrndx.c
/home/synrom/lego/linux/sound/soc/codecs/wm2000.h
/home/synrom/lego/linux/sound/soc/codecs/wm8731.h
/home/synrom/lego/linux/sound/soc/qcom/qdsp6/q6adm.h
/home/synrom/lego/linux/sound/soc/codecs/wm8741.h
/home/synrom/lego/linux/sound/soc/codecs/max9860.h
/home/synrom/lego/linux/sound/soc/codecs/wm8971.h
/home/synrom/lego/linux/sound/soc/codecs/wm8940.h
/home/synrom/lego/linux/sound/soc/amd/include/acp_2_2_d.h
/home/synrom/lego/linux/sound/soc/codecs/cs42l56.h
/home/synrom/lego/linux/sound/soc/codecs/uda1380.h
/home/synrom/lego/linux/fs/jfs/jfs_discard.h
/home/synrom/lego/linux/sound/soc/codecs/ak4535.h
/home/synrom/lego/linux/sound/soc/codecs/wm8523.h
/home/synrom/lego/linux/tools/include/uapi/asm-generic/mman-common.h
/home/synrom/lego/linux/scripts/dtc/include-prefixes/dt-bindings/interrupt-controller/arm-gic.h
/home/synrom/lego/linux/sound/soc/codecs/wm8997.h
/home/synrom/lego/linux/sound/soc/amd/include/acp_2_2_enum.h
/home/synrom/lego/linux/sound/soc/codecs/wm8998.h
/home/synrom/lego/linux/sound/soc/codecs/wm5110.h
/home/synrom/lego/linux/sound/soc/codecs/sta32x.h
/home/synrom/lego/linux/sound/soc/codecs/adau1373.h
/home/synrom/lego/linux/sound/soc/codecs/da732x.h
/home/synrom/lego/linux/sound/soc/codecs/wmfw.h
/home/synrom/lego/linux/sound/soc/codecs/wm8728.h
/home/synrom/lego/linux/sound/soc/codecs/wm8750.h
/home/synrom/lego/linux/fs/orangefs/orangefs-bufmap.h
/home/synrom/lego/linux/sound/soc/davinci/davinci-i2s.h
/home/synrom/lego/linux/sound/soc/mediatek/mt6797/mt6797-interconnection.h
/home/synrom/lego/linux/sound/soc/codecs/ts3a227e.h
/home/synrom/lego/linux/sound/soc/codecs/wm8955.h
/home/synrom/lego/linux/sound/soc/mediatek/mt2701/mt2701-afe-common.h
/home/synrom/lego/linux/sound/soc/mediatek/mt8173/mt8173-afe-common.h
/home/synrom/lego/linux/sound/soc/jz4740/jz4740-i2s.h
/home/synrom/lego/linux/tools/perf/arch/x86/tests/insn-x86-dat-32.c
/home/synrom/lego/linux/sound/ac97/codec.c
/home/synrom/lego/linux/sound/soc/codecs/wm9081.h
/home/synrom/lego/linux/sound/soc/qcom/qdsp6/q6routing.h
/home/synrom/lego/linux/sound/isa/opti9xx/opti93x.c
/home/synrom/lego/linux/sound/soc/codecs/wm8737.h
/home/synrom/lego/linux/sound/isa/opti9xx/opti92x-cs4231.c
/home/synrom/lego/linux/sound/isa/msnd/msnd_classic.c
/home/synrom/lego/linux/tools/build/feature/test-gtk2-infobar.c
/home/synrom/lego/linux/sound/isa/gus/interwave-stb.c
/home/synrom/lego/linux/tools/testing/selftests/rcutorture/formal/srcu-cbmc/src/misc.c
/home/synrom/lego/linux/sound/isa/sb/sbawe.c
/home/synrom/lego/linux/sound/soc/qcom/qdsp6/q6core.h
/home/synrom/lego/linux/sound/x86/intel_hdmi_audio.h
/home/synrom/lego/linux/sound/isa/msnd/msnd_classic.h
/home/synrom/lego/linux/sound/isa/gus/gus_tables.h
/home/synrom/lego/linux/sound/mips/hal2.h
/home/synrom/lego/linux/sound/aoa/codecs/tas-basstreble.h
/home/synrom/lego/linux/sound/hda/trace.c
/home/synrom/lego/linux/fs/ocfs2/move_extents.h
/home/synrom/lego/linux/sound/isa/msnd/msnd_pinnacle.h
/home/synrom/lego/linux/fs/cramfs/internal.h
/home/synrom/lego/linux/sound/aoa/codecs/tas-gain-table.h
/home/synrom/lego/linux/fs/cifs/cifs_spnego.h
/home/synrom/lego/linux/sound/spi/at73c213.h
/home/synrom/lego/linux/tools/perf/arch/x86/tests/insn-x86-dat-64.c
/home/synrom/lego/linux/sound/soc/codecs/wm9090.h
/home/synrom/lego/linux/sound/pci/asihpi/hpipcida.h
/home/synrom/lego/linux/fs/ocfs2/mmap.h
/home/synrom/lego/linux/sound/ppc/tumbler_volume.h
/home/synrom/lego/linux/security/integrity/ima/ima_template_lib.h
/home/synrom/lego/linux/sound/pci/ens1371.c
/home/synrom/lego/linux/sound/soc/codecs/wm8961.h
/home/synrom/lego/linux/sound/soc/codecs/wm8983.h
/home/synrom/lego/linux/sound/pci/ac97/ac97_id.h
/home/synrom/lego/linux/sound/pci/emu10k1/tina2.h
/home/synrom/lego/linux/sound/pci/lx6464es/lx6464es.h
/home/synrom/lego/linux/sound/pci/au88x0/au88x0_eq.h
/home/synrom/lego/linux/sound/pci/au88x0/au88x0_a3ddata.c
/home/synrom/lego/linux/sound/soc/ux500/ux500_pcm.h
/home/synrom/lego/linux/sound/pci/au88x0/au88x0_eqdata.c
/home/synrom/lego/linux/sound/soc/ux500/ux500_msp_dai.h
/home/synrom/lego/linux/sound/pci/hda/hda_intel.h
/home/synrom/lego/linux/fs/afs/afs_vl.h
/home/synrom/lego/linux/sound/pci/cs46xx/cs46xx_dsp_spos.h
/home/synrom/lego/linux/sound/pci/emu10k1/p17v.h
/home/synrom/lego/linux/sound/pci/ice1712/stac946x.h
/home/synrom/lego/linux/sound/pci/ice1712/quartet.h
/home/synrom/lego/linux/sound/pci/ice1712/pontis.h
/home/synrom/lego/linux/sound/pci/ice1712/wtm.h
/home/synrom/lego/linux/sound/pci/ice1712/se.h
/home/synrom/lego/linux/sound/pci/ice1712/psc724.h
/home/synrom/lego/linux/sound/pci/ice1712/juli.h
/home/synrom/lego/linux/sound/pci/ice1712/maya44.h
/home/synrom/lego/linux/sound/pci/ice1712/amp.h
/home/synrom/lego/linux/sound/pci/ice1712/vt1720_mobo.h
/home/synrom/lego/linux/sound/soc/codecs/wm8985.h
/home/synrom/lego/linux/sound/soc/amd/include/acp_2_2_sh_mask.h
/home/synrom/lego/linux/sound/pci/ice1712/prodigy_hifi.h
/home/synrom/lego/linux/sound/aoa/core/alsa.h
/home/synrom/lego/linux/sound/pci/oxygen/cs4362a.h
/home/synrom/lego/linux/sound/pci/oxygen/cm9780.h
/home/synrom/lego/linux/sound/pci/oxygen/cs2000.h
/home/synrom/lego/linux/sound/pci/oxygen/ak4396.h
/home/synrom/lego/linux/sound/pci/oxygen/wm8766.h
/home/synrom/lego/linux/sound/pci/oxygen/wm8785.h
/home/synrom/lego/linux/sound/pci/oxygen/pcm1796.h
/home/synrom/lego/linux/sound/pci/oxygen/cs4398.h
/home/synrom/lego/linux/sound/soc/codecs/cs4271.h
/home/synrom/lego/linux/sound/soc/codecs/wm5100-tables.c
/home/synrom/lego/linux/sound/pci/oxygen/wm8776.h
/home/synrom/lego/linux/sound/pci/ice1712/delta.h
/home/synrom/lego/linux/sound/pci/emu10k1/p16v.h
/home/synrom/lego/linux/sound/soc/codecs/wm8904.h
/home/synrom/lego/linux/sound/sh/aica.h
/home/synrom/lego/linux/sound/usb/6fire/chip.h
/home/synrom/lego/linux/sound/usb/6fire/common.h
/home/synrom/lego/linux/sound/usb/hiface/chip.h
/home/synrom/lego/linux/sound/usb/usx2y/usx2y.h
/home/synrom/lego/linux/sound/pci/ctxfi/ctpcm.h
/home/synrom/lego/linux/sound/usb/usx2y/usbus428ctldefs.h
/home/synrom/lego/linux/arch/parisc/lib/ucmpdi2.c
/home/synrom/lego/linux/arch/parisc/oprofile/init.c
/home/synrom/lego/linux/arch/parisc/include/asm/runway.h
/home/synrom/lego/linux/arch/parisc/include/asm/bugs.h
/home/synrom/lego/linux/arch/parisc/include/asm/spinlock_types.h
/home/synrom/lego/linux/arch/parisc/include/asm/mmu.h
/home/synrom/lego/linux/arch/parisc/include/asm/asm-offsets.h
/home/synrom/lego/linux/arch/parisc/include/asm/parport.h
/home/synrom/lego/linux/arch/parisc/include/asm/serial.h
/home/synrom/lego/linux/arch/parisc/include/asm/dwarf.h
/home/synrom/lego/linux/arch/parisc/include/asm/kmap_types.h
/home/synrom/lego/linux/arch/parisc/include/asm/perf_event.h
/home/synrom/lego/linux/fs/jffs2/acl.h
/home/synrom/lego/linux/arch/parisc/include/asm/asmregs.h
/home/synrom/lego/linux/arch/parisc/include/asm/mckinley.h
/home/synrom/lego/linux/tools/lib/lockdep/lockdep.c
/home/synrom/lego/linux/arch/parisc/include/asm/compat_ucontext.h
/home/synrom/lego/linux/arch/parisc/include/asm/ucontext.h
/home/synrom/lego/linux/arch/parisc/include/asm/module.h
/home/synrom/lego/linux/arch/parisc/include/asm/shmparam.h
/home/synrom/lego/linux/arch/parisc/include/asm/socket.h
/home/synrom/lego/linux/arch/parisc/include/uapi/asm/sockios.h
/home/synrom/lego/linux/arch/parisc/include/uapi/asm/ipcbuf.h
/home/synrom/lego/linux/arch/parisc/include/uapi/asm/posix_types.h
/home/synrom/lego/linux/arch/parisc/include/uapi/asm/statfs.h
/home/synrom/lego/linux/arch/parisc/include/uapi/asm/setup.h
/home/synrom/lego/linux/arch/parisc/include/uapi/asm/msgbuf.h
/home/synrom/lego/linux/tools/build/feature/test-stackprotector-all.c
/home/synrom/lego/linux/arch/parisc/include/uapi/asm/sembuf.h
/home/synrom/lego/linux/arch/parisc/include/uapi/asm/byteorder.h
/home/synrom/lego/linux/arch/parisc/include/uapi/asm/types.h
/home/synrom/lego/linux/arch/parisc/include/uapi/asm/sigcontext.h
/home/synrom/lego/linux/sound/soc/codecs/hdac_hdmi.h
/home/synrom/lego/linux/arch/parisc/include/uapi/asm/termios.h
/home/synrom/lego/linux/arch/parisc/kernel/compat_audit.c
/home/synrom/lego/linux/arch/parisc/include/uapi/asm/shmbuf.h
/home/synrom/lego/linux/arch/parisc/include/uapi/asm/stat.h
/home/synrom/lego/linux/arch/parisc/include/uapi/asm/ioctl.h
/home/synrom/lego/linux/arch/parisc/include/uapi/asm/socket.h
/home/synrom/lego/linux/security/apparmor/include/domain.h
/home/synrom/lego/linux/arch/parisc/include/uapi/asm/ptrace.h
/home/synrom/lego/linux/arch/parisc/include/uapi/asm/termbits.h
/home/synrom/lego/linux/arch/parisc/include/uapi/asm/errno.h
/home/synrom/lego/linux/arch/m68k/include/asm/export.h
/home/synrom/lego/linux/arch/m68k/math-emu/fp_trig.h
/home/synrom/lego/linux/arch/m68k/include/asm/coldfire.h
/home/synrom/lego/linux/arch/m68k/include/asm/mmu.h
/home/synrom/lego/linux/tools/build/feature/test-fortify-source.c
/home/synrom/lego/linux/arch/m68k/include/asm/asm-offsets.h
/home/synrom/lego/linux/arch/m68k/include/asm/uaccess.h
/home/synrom/lego/linux/arch/m68k/include/asm/ftrace.h
/home/synrom/lego/linux/arch/m68k/include/asm/atafd.h
/home/synrom/lego/linux/arch/m68k/include/asm/adb_iop.h
/home/synrom/lego/linux/arch/m68k/include/asm/contregs.h
/home/synrom/lego/linux/arch/m68k/include/asm/mcfpit.h
/home/synrom/lego/linux/arch/m68k/include/asm/unaligned.h
/home/synrom/lego/linux/arch/m68k/include/asm/cacheflush.h
/home/synrom/lego/linux/scripts/dtc/include-prefixes/dt-bindings/gpio/aspeed-gpio.h
/home/synrom/lego/linux/arch/m68k/include/asm/pgtable.h
/home/synrom/lego/linux/tools/build/feature/test-libelf-mmap.c
/home/synrom/lego/linux/arch/m68k/include/asm/mcfslt.h
/home/synrom/lego/linux/tools/build/feature/test-libslang.c
/home/synrom/lego/linux/arch/m68k/include/asm/machines.h
/home/synrom/lego/linux/fs/jfs/jfs_acl.h
/home/synrom/lego/linux/arch/m68k/include/asm/smp.h
/home/synrom/lego/linux/arch/m68k/include/asm/ucontext.h
/home/synrom/lego/linux/arch/parisc/math-emu/hppa.h
/home/synrom/lego/linux/arch/m68k/include/asm/sun3-head.h
/home/synrom/lego/linux/arch/m68k/include/asm/dsp56k.h
/home/synrom/lego/linux/arch/m68k/include/asm/hp300hw.h
/home/synrom/lego/linux/arch/m68k/include/uapi/asm/ioctls.h
/home/synrom/lego/linux/arch/m68k/include/asm/unistd.h
/home/synrom/lego/linux/arch/m68k/include/uapi/asm/bootinfo-apollo.h
/home/synrom/lego/linux/arch/m68k/include/uapi/asm/posix_types.h
/home/synrom/lego/linux/sound/soc/codecs/wm8993.h
/home/synrom/lego/linux/arch/m68k/include/uapi/asm/byteorder.h
/home/synrom/lego/linux/arch/m68k/include/uapi/asm/param.h
/home/synrom/lego/linux/arch/m68k/include/uapi/asm/setup.h
/home/synrom/lego/linux/arch/m68k/include/uapi/asm/sigcontext.h
/home/synrom/lego/linux/sound/pci/pcxhr/pcxhr_mix22.h
/home/synrom/lego/linux/arch/m68k/include/uapi/asm/poll.h
/home/synrom/lego/linux/arch/m68k/include/uapi/asm/fcntl.h
/home/synrom/lego/linux/arch/m68k/include/uapi/asm/stat.h
/home/synrom/lego/linux/arch/m68k/include/uapi/asm/cachectl.h
/home/synrom/lego/linux/tools/build/feature/test-libelf.c
/home/synrom/lego/linux/arch/m68k/include/uapi/asm/ptrace.h
/home/synrom/lego/linux/arch/parisc/include/asm/signal.h
/home/synrom/lego/linux/security/selinux/include/objsec.h
/home/synrom/lego/linux/fs/ocfs2/ocfs2_lockid.h
/home/synrom/lego/linux/sound/soc/codecs/wl1273.h
/home/synrom/lego/linux/fs/ocfs2/ioctl.h
/home/synrom/lego/linux/arch/m68k/sun3x/dvma.c
/home/synrom/lego/linux/arch/arc/include/asm/irqflags.h
/home/synrom/lego/linux/arch/m68k/sun3/prom/misc.c
/home/synrom/lego/linux/arch/arc/include/asm/timex.h
/home/synrom/lego/linux/fs/cifs/cifs_ioctl.h
/home/synrom/lego/linux/arch/arc/include/asm/spinlock_types.h
/home/synrom/lego/linux/arch/arc/include/asm/asm-offsets.h
/home/synrom/lego/linux/arch/m68k/include/uapi/asm/unistd.h
/home/synrom/lego/linux/arch/arc/include/asm/dwarf.h
/home/synrom/lego/linux/sound/soc/fsl/mpc5200_dma.h
/home/synrom/lego/linux/sound/pci/oxygen/oxygen_regs.h
/home/synrom/lego/linux/arch/arc/include/asm/dma.h
/home/synrom/lego/linux/arch/arc/include/asm/kmap_types.h
/home/synrom/lego/linux/arch/parisc/math-emu/fpbits.h
/home/synrom/lego/linux/arch/arc/include/asm/sections.h
/home/synrom/lego/linux/arch/m68k/include/uapi/asm/bootinfo-q40.h
/home/synrom/lego/linux/arch/m68k/include/uapi/asm/bootinfo-hp300.h
/home/synrom/lego/linux/arch/m68k/include/uapi/asm/bootinfo-amiga.h
